<?xml version="1.0" encoding="UTF-8"?>
<beans xmlns:xsi="http://www.w3.org/2001/XMLSchema-instance"
       xmlns="http://www.springframework.org/schema/beans"
       xsi:schemaLocation="http://www.springframework.org/schema/beans http://www.springframework.org/schema/beans/spring-beans.xsd">

    <bean id="structureService" class="com.github.vzakharchenko.dynamic.orm.structure.DbStructureServiceImpl">
        <property name="pathToChangeSets" value="classpath:/changeSets/"/>
    </bean>

    <bean id="cacheManager" class="org.springframework.cache.concurrent.ConcurrentMapCacheManager"/>

    <bean id="transaction-cache"
          class="com.github.vzakharchenko.dynamic.orm.core.transaction.cache.TransactionCacheManagerImpl">
        <constructor-arg name="targetCacheManager" ref="cacheManager"/>
    </bean>

    <bean class="com.github.vzakharchenko.dynamic.orm.core.LogAudit"/>
</beans>
