<?xml version="1.0" encoding="UTF-8"?>
<beans xmlns:xsi="http://www.w3.org/2001/XMLSchema-instance"
       xmlns:tx="http://www.springframework.org/schema/tx" xmlns="http://www.springframework.org/schema/beans"
       xsi:schemaLocation="http://www.springframework.org/schema/beans http://www.springframework.org/schema/beans/spring-beans.xsd http://www.springframework.org/schema/tx http://www.springframework.org/schema/tx/spring-tx.xsd">
    <bean id="dataSource" class="com.github.vzakharchenko.dynamic.orm.structure.DataSourceHelper"
          factory-method="getDataSourceHsqldbCreateSchema">
        <constructor-arg
                value="jdbc:hsqldb:mem:DATABASE_TEST;sql.syntax_mys=true;MULTI_THREADED=1;close_result=true;shutdown=true;hsqldb.cache_rows=100;hsqldb.nio_max_size=5;runtime.gc_interval=100"/>
    </bean>

    <bean id="transactionManager" class="org.springframework.jdbc.datasource.DataSourceTransactionManager">
        <property name="dataSource" ref="dataSource"/>
    </bean>


    <tx:annotation-driven transaction-manager="transactionManager"/>

    <bean id="structureService" class="com.github.vzakharchenko.dynamic.orm.structure.DbStructureServiceImpl">
        <property name="pathToChangeSets" value="classpath:/changeSets/"/>
    </bean>
</beans>
